<?xml version="1.0" encoding="UTF-8"?>
<!-- Generated by org.testng.reporters.JUnitReportReporter -->
<testsuite skipped="0" hostname="LAPTOP-7BBJJRTK" name="testNG1.ParallelEx1" tests="1" failures="0" timestamp="2019-11-24T17:24:23 IST" time="6.872" errors="0">
  <testcase name="openFireFox" time="6.872" classname="testNG1.ParallelEx1"/>
</testsuite> <!-- testNG1.ParallelEx1 -->
