<?xml version="1.0" encoding="UTF-8"?>
<!-- Generated by org.testng.reporters.JUnitReportReporter -->
<testsuite skipped="0" hostname="LAPTOP-7BBJJRTK" name="testNG1.Scenario25" tests="1" failures="0" timestamp="2019-11-30T16:20:50 IST" time="15.051" errors="0">
  <testcase name="Scenario25" time="15.051" classname="testNG1.Scenario25"/>
</testsuite> <!-- testNG1.Scenario25 -->
