<?xml version="1.0" encoding="UTF-8"?>
<!-- Generated by org.testng.reporters.JUnitReportReporter -->
<testsuite skipped="0" hostname="LAPTOP-7BBJJRTK" name="testNG1.AssertEx1" tests="2" failures="0" timestamp="2019-11-24T18:04:56 IST" time="22.012" errors="0">
  <testcase name="softAssert" time="10.721" classname="testNG1.AssertEx1"/>
  <testcase name="hardAssert" time="11.291" classname="testNG1.AssertEx1"/>
</testsuite> <!-- testNG1.AssertEx1 -->
