<?xml version="1.0" encoding="UTF-8"?>
<!-- Generated by org.testng.reporters.JUnitReportReporter -->
<testsuite skipped="0" hostname="LAPTOP-7BBJJRTK" name="testNG1.DragDrop1" tests="1" failures="0" timestamp="2019-11-23T17:55:57 IST" time="22.781" errors="0">
  <testcase name="testDragnDrop" time="22.781" classname="testNG1.DragDrop1"/>
</testsuite> <!-- testNG1.DragDrop1 -->
