<?xml version="1.0" encoding="UTF-8"?>
<!-- Generated by org.testng.reporters.JUnitReportReporter -->
<testsuite skipped="0" hostname="LAPTOP-7BBJJRTK" name="testNG1.LoginEx1" tests="3" failures="0" timestamp="2019-11-24T17:11:51 IST" time="21.322" errors="0">
  <testcase name="loginOrange" time="16.794" classname="testNG1.LoginEx1"/>
  <testcase name="title1" time="0.011" classname="testNG1.LoginEx1"/>
  <testcase name="logoutOrange" time="4.517" classname="testNG1.LoginEx1"/>
</testsuite> <!-- testNG1.LoginEx1 -->
