<?xml version="1.0" encoding="UTF-8"?>
<!-- Generated by org.testng.reporters.JUnitReportReporter -->
<testsuite skipped="0" hostname="LAPTOP-7BBJJRTK" name="testNG1.Test2" tests="6" failures="0" timestamp="2019-11-23T17:26:23 IST" time="0.022" errors="0">
  <testcase name="test1" time="0.003" classname="testNG1.Test2"/>
  <testcase name="test1" time="0.004" classname="testNG1.Test2"/>
  <testcase name="test2" time="0.006" classname="testNG1.Test2"/>
  <testcase name="test2" time="0.002" classname="testNG1.Test2"/>
  <testcase name="test3" time="0.003" classname="testNG1.Test2"/>
  <testcase name="test3" time="0.004" classname="testNG1.Test2"/>
</testsuite> <!-- testNG1.Test2 -->
