<?xml version="1.0" encoding="UTF-8"?>
<!-- Generated by org.testng.reporters.JUnitReportReporter -->
<testsuite skipped="0" hostname="LAPTOP-7BBJJRTK" name="testNG1.ReadWriteExcelTestng" tests="2" failures="0" timestamp="2019-11-27T23:25:56 IST" time="1.535" errors="0">
  <testcase name="writeExcel" time="0.352" classname="testNG1.ReadWriteExcelTestng"/>
  <testcase name="readExcel" time="1.183" classname="testNG1.ReadWriteExcelTestng"/>
</testsuite> <!-- testNG1.ReadWriteExcelTestng -->
