<?xml version="1.0" encoding="UTF-8"?>
<!-- Generated by org.testng.reporters.JUnitReportReporter -->
<testsuite skipped="0" hostname="LAPTOP-7BBJJRTK" name="testNG1.GridTestNgEx1" tests="1" failures="0" timestamp="2019-12-08T17:16:59 IST" time="14.447" errors="0">
  <testcase name="mailTest" time="14.447" classname="testNG1.GridTestNgEx1"/>
</testsuite> <!-- testNG1.GridTestNgEx1 -->
