<?xml version="1.0" encoding="UTF-8"?>
<!-- Generated by org.testng.reporters.JUnitReportReporter -->
<testsuite skipped="0" hostname="LAPTOP-7BBJJRTK" name="testNG1.Test1" tests="3" failures="0" timestamp="2019-11-23T17:26:23 IST" time="0.029" errors="0">
  <testcase name="testA" time="0.014" classname="testNG1.Test1"/>
  <testcase name="testB" time="0.009" classname="testNG1.Test1"/>
  <testcase name="testC" time="0.006" classname="testNG1.Test1"/>
</testsuite> <!-- testNG1.Test1 -->
