<?xml version="1.0" encoding="UTF-8"?>
<!-- Generated by org.testng.reporters.JUnitReportReporter -->
<testsuite skipped="0" hostname="LAPTOP-7BBJJRTK" name="testNG1.AnnotationsAll" tests="1" failures="0" timestamp="2019-11-23T16:59:03 IST" time="0.009" errors="0">
  <testcase name="test1" time="0.009" classname="testNG1.AnnotationsAll"/>
</testsuite> <!-- testNG1.AnnotationsAll -->
