<?xml version="1.0" encoding="UTF-8"?>
<!-- Generated by org.testng.reporters.JUnitReportReporter -->
<testsuite skipped="0" hostname="LAPTOP-7BBJJRTK" name="testNG1.TestGroups1" tests="4" failures="0" timestamp="2019-11-23T18:20:44 IST" time="0.022" errors="0">
  <testcase name="meth1" time="0.017" classname="testNG1.TestGroups1"/>
  <testcase name="meth3" time="0.002" classname="testNG1.TestGroups1"/>
  <testcase name="meth4" time="0.002" classname="testNG1.TestGroups1"/>
  <testcase name="meth2" time="0.001" classname="testNG1.TestGroups1"/>
</testsuite> <!-- testNG1.TestGroups1 -->
