<?xml version="1.0" encoding="UTF-8"?>
<!-- Generated by org.testng.reporters.JUnitReportReporter -->
<testsuite skipped="0" hostname="LAPTOP-7BBJJRTK" name="testNG1.Scenario24" tests="1" failures="0" timestamp="2019-11-30T15:23:47 IST" time="15.368" errors="0">
  <testcase name="Scenario24" time="15.368" classname="testNG1.Scenario24"/>
</testsuite> <!-- testNG1.Scenario24 -->
