<?xml version="1.0" encoding="UTF-8"?>
<!-- Generated by org.testng.reporters.JUnitReportReporter -->
<testsuite skipped="0" hostname="LAPTOP-7BBJJRTK" name="testNG1.DataProviderEx1" tests="8" failures="0" timestamp="2019-11-24T17:47:14 IST" time="55.365" errors="0">
  <testcase name="loginHrm" time="13.989" classname="testNG1.DataProviderEx1"/>
  <testcase name="loginHrm" time="14.151" classname="testNG1.DataProviderEx1"/>
  <testcase name="loginUser" time="0.001" classname="testNG1.DataProviderEx1"/>
  <testcase name="loginHrm" time="13.567" classname="testNG1.DataProviderEx1"/>
  <testcase name="loginHrm" time="13.653" classname="testNG1.DataProviderEx1"/>
  <testcase name="loginUser" time="0.001" classname="testNG1.DataProviderEx1"/>
  <testcase name="loginUser" time="0.002" classname="testNG1.DataProviderEx1"/>
  <testcase name="loginUser" time="0.001" classname="testNG1.DataProviderEx1"/>
</testsuite> <!-- testNG1.DataProviderEx1 -->
